[0m12:24:07.132987 [debug] [MainThread]: Sending event: {'category': 'dbt', 'action': 'invocation', 'label': 'start', 'context': [<snowplow_tracker.self_describing_json.SelfDescribingJson object at 0x0000010BA03EB8C0>, <snowplow_tracker.self_describing_json.SelfDescribingJson object at 0x0000010B9E170190>, <snowplow_tracker.self_describing_json.SelfDescribingJson object at 0x0000010BA2607B10>]}


============================== 12:24:07.140077 | 24f42416-6afe-4563-a8a7-9e68a9a687ec ==============================
[0m12:24:07.140077 [info ] [MainThread]: Running with dbt=1.11.7
[0m12:24:07.141128 [debug] [MainThread]: running dbt with arguments {'version_check': 'True', 'no_print': 'None', 'static_parser': 'True', 'target_path': 'None', 'warn_error_options': 'WarnErrorOptionsV2(error=[], warn=[], silence=[])', 'printer_width': '80', 'write_json': 'True', 'introspect': 'True', 'log_cache_events': 'False', 'empty': 'None', 'cache_selected_only': 'False', 'fail_fast': 'False', 'debug': 'False', 'log_format': 'default', 'partial_parse': 'True', 'send_anonymous_usage_stats': 'True', 'quiet': 'False', 'warn_error': 'None', 'profiles_dir': 'C:\\Users\\pksau\\.dbt', 'invocation_command': 'dbt init marketing_dbt', 'use_colors': 'True', 'indirect_selection': 'eager', 'use_experimental_parser': 'False', 'log_path': 'logs'}
[0m12:24:07.178516 [info ] [MainThread]: Creating dbt configuration folder at C:\Users\pksau\.dbt
[0m12:24:07.181947 [debug] [MainThread]: Starter project path: C:\Users\pksau\AppData\Local\Programs\Python\Python313\Lib\site-packages\dbt\include\starter_project
[0m12:24:07.222619 [info ] [MainThread]: 
Your new dbt project "marketing_dbt" was created!

For more information on how to configure the profiles.yml file,
please consult the dbt documentation here:

  https://docs.getdbt.com/docs/configure-your-profile

One more thing:

Need help? Don't hesitate to reach out to us via GitHub issues or on Slack:

  https://community.getdbt.com/

Happy modeling!

[0m12:24:07.224106 [info ] [MainThread]: Setting up your profile.
[0m12:39:03.596631 [info ] [MainThread]: Profile marketing_dbt written to C:\Users\pksau\.dbt\profiles.yml using target's profile_template.yml and your supplied values. Run 'dbt debug' to validate the connection.
[0m12:39:03.700015 [debug] [MainThread]: Command `dbt init` succeeded at 12:39:03.696762 after 896.75 seconds
[0m12:39:03.710337 [debug] [MainThread]: Sending event: {'category': 'dbt', 'action': 'invocation', 'label': 'end', 'context': [<snowplow_tracker.self_describing_json.SelfDescribingJson object at 0x0000010BBDD4D350>, <snowplow_tracker.self_describing_json.SelfDescribingJson object at 0x0000010BBDDFD370>, <snowplow_tracker.self_describing_json.SelfDescribingJson object at 0x0000010BA25F0270>]}
[0m12:39:03.715757 [debug] [MainThread]: Flushing usage events
[0m12:39:04.210782 [debug] [MainThread]: An error was encountered while trying to flush usage events
[0m13:00:24.361718 [debug] [MainThread]: Sending event: {'category': 'dbt', 'action': 'invocation', 'label': 'start', 'context': [<snowplow_tracker.self_describing_json.SelfDescribingJson object at 0x00000269174BB8C0>, <snowplow_tracker.self_describing_json.SelfDescribingJson object at 0x0000026915260190>, <snowplow_tracker.self_describing_json.SelfDescribingJson object at 0x00000269196F3B10>]}


============================== 13:00:24.370009 | 33b97960-fadc-49fd-9a74-93189d8ff2da ==============================
[0m13:00:24.370009 [info ] [MainThread]: Running with dbt=1.11.7
[0m13:00:24.371003 [debug] [MainThread]: running dbt with arguments {'version_check': 'True', 'no_print': 'None', 'static_parser': 'True', 'target_path': 'None', 'warn_error_options': 'WarnErrorOptionsV2(error=[], warn=[], silence=[])', 'printer_width': '80', 'write_json': 'True', 'empty': 'False', 'log_cache_events': 'False', 'introspect': 'True', 'cache_selected_only': 'False', 'fail_fast': 'False', 'debug': 'False', 'log_format': 'default', 'profiles_dir': 'C:\\Users\\pksau\\.dbt', 'send_anonymous_usage_stats': 'True', 'quiet': 'False', 'warn_error': 'None', 'partial_parse': 'True', 'invocation_command': 'dbt run', 'indirect_selection': 'eager', 'use_colors': 'True', 'use_experimental_parser': 'False', 'log_path': 'logs'}
[0m13:00:24.371621 [error] [MainThread]: Encountered an error:
Runtime Error
  No dbt_project.yml found at expected path C:\Users\pksau\OneDrive\Desktop\marketing-analytics-project\dbt_project.yml
  Verify that each entry within packages.yml (and their transitive dependencies) contains a file named dbt_project.yml
  
[0m13:00:24.372724 [debug] [MainThread]: Command `dbt run` failed at 13:00:24.372577 after 0.19 seconds
[0m13:00:24.373109 [debug] [MainThread]: Sending event: {'category': 'dbt', 'action': 'invocation', 'label': 'end', 'context': [<snowplow_tracker.self_describing_json.SelfDescribingJson object at 0x000002691974C9D0>, <snowplow_tracker.self_describing_json.SelfDescribingJson object at 0x00000269195BE9F0>, <snowplow_tracker.self_describing_json.SelfDescribingJson object at 0x00000269196E1F20>]}
[0m13:00:24.373481 [debug] [MainThread]: Flushing usage events
[0m13:00:24.661863 [debug] [MainThread]: An error was encountered while trying to flush usage events
